<?xml version="1.0" encoding="UTF-8"?>
<testsuite xmlns:xsi="http://www.w3.org/2001/XMLSchema-instance" xsi:noNamespaceSchemaLocation="https://maven.apache.org/surefire/maven-surefire-plugin/xsd/surefire-test-report.xsd" name="com.hcl.csvparser.AppTest" time="0.033" tests="1" errors="0" skipped="0" failures="0">
  <properties>
    <property name="java.specification.version" value="14"/>
    <property name="sun.cpu.isalist" value="amd64"/>
    <property name="sun.jnu.encoding" value="Cp1252"/>
    <property name="java.class.path" value="C:\my-applications\java\csvparser\target\test-classes;C:\my-applications\java\csvparser\target\classes;C:\Users\diemi.pham\.m2\repository\junit\junit\4.11\junit-4.11.jar;C:\Users\diemi.pham\.m2\repository\org\hamcrest\hamcrest-core\1.3\hamcrest-core-1.3.jar;"/>
    <property name="java.vm.vendor" value="Oracle Corporation"/>
    <property name="sun.arch.data.model" value="64"/>
    <property name="user.variant" value=""/>
    <property name="java.vendor.url" value="https://java.oracle.com/"/>
    <property name="user.timezone" value="America/Chicago"/>
    <property name="os.name" value="Windows 10"/>
    <property name="java.vm.specification.version" value="14"/>
    <property name="sun.java.launcher" value="SUN_STANDARD"/>
    <property name="user.country" value="US"/>
    <property name="sun.boot.library.path" value="C:\my-applications\jdk-14.0.1\bin"/>
    <property name="sun.java.command" value="C:\Users\DIEMI~1.PHA\AppData\Local\Temp\surefire13218268250425601527\surefirebooter17575417996202513245.jar C:\Users\diemi.pham\AppData\Local\Temp\surefire13218268250425601527 2020-12-02T16-37-34_574-jvmRun1 surefire8347350782184081837tmp surefire_02991027637806522363tmp"/>
    <property name="jdk.debug" value="release"/>
    <property name="surefire.test.class.path" value="C:\my-applications\java\csvparser\target\test-classes;C:\my-applications\java\csvparser\target\classes;C:\Users\diemi.pham\.m2\repository\junit\junit\4.11\junit-4.11.jar;C:\Users\diemi.pham\.m2\repository\org\hamcrest\hamcrest-core\1.3\hamcrest-core-1.3.jar;"/>
    <property name="sun.cpu.endian" value="little"/>
    <property name="user.home" value="C:\Users\diemi.pham"/>
    <property name="user.language" value="en"/>
    <property name="java.specification.vendor" value="Oracle Corporation"/>
    <property name="java.version.date" value="2020-04-14"/>
    <property name="java.home" value="C:\my-applications\jdk-14.0.1"/>
    <property name="file.separator" value="\"/>
    <property name="basedir" value="C:\my-applications\java\csvparser"/>
    <property name="java.vm.compressedOopsMode" value="Zero based"/>
    <property name="line.separator" value="&#10;"/>
    <property name="java.vm.specification.vendor" value="Oracle Corporation"/>
    <property name="java.specification.name" value="Java Platform API Specification"/>
    <property name="surefire.real.class.path" value="C:\Users\DIEMI~1.PHA\AppData\Local\Temp\surefire13218268250425601527\surefirebooter17575417996202513245.jar"/>
    <property name="user.script" value=""/>
    <property name="sun.management.compiler" value="HotSpot 64-Bit Tiered Compilers"/>
    <property name="java.runtime.version" value="14.0.1+7"/>
    <property name="user.name" value="diemi.pham"/>
    <property name="path.separator" value=";"/>
    <property name="os.version" value="10.0"/>
    <property name="java.runtime.name" value="OpenJDK Runtime Environment"/>
    <property name="file.encoding" value="Cp1252"/>
    <property name="java.vm.name" value="OpenJDK 64-Bit Server VM"/>
    <property name="localRepository" value="C:\Users\diemi.pham\.m2\repository"/>
    <property name="java.vendor.url.bug" value="https://bugreport.java.com/bugreport/"/>
    <property name="java.io.tmpdir" value="C:\Users\DIEMI~1.PHA\AppData\Local\Temp\"/>
    <property name="java.version" value="14.0.1"/>
    <property name="user.dir" value="C:\my-applications\java\csvparser"/>
    <property name="os.arch" value="amd64"/>
    <property name="java.vm.specification.name" value="Java Virtual Machine Specification"/>
    <property name="sun.os.patch.level" value=""/>
    <property name="java.library.path" value="C:\my-applications\jdk-14.0.1\bin;C:\WINDOWS\Sun\Java\bin;C:\WINDOWS\system32;C:\WINDOWS;C:\Users\diemi.pham\bin;C:\Users\diemi.pham\AppData\Local\Programs\Git\mingw64\bin;C:\Users\diemi.pham\AppData\Local\Programs\Git\usr\local\bin;C:\Users\diemi.pham\AppData\Local\Programs\Git\usr\bin;C:\Users\diemi.pham\AppData\Local\Programs\Git\usr\bin;C:\Users\diemi.pham\AppData\Local\Programs\Git\mingw64\bin;C:\Users\diemi.pham\AppData\Local\Programs\Git\usr\bin;C:\Users\diemi.pham\bin;C:\Program Files (x86)\Common Files\Oracle\Java\javapath;C:\WINDOWS\system32;C:\WINDOWS;C:\WINDOWS\System32\Wbem;C:\WINDOWS\System32\WindowsPowerShell\v1.0;C:\WINDOWS\System32\OpenSSH;C:\Windows\CCM;C:\Users\diemi.pham\AppData\Local\Microsoft\WindowsApps;C:\Users\diemi.pham\AppData\Local\Programs\Microsoft VS Code\bin;C:\Users\diemi.pham\AppData\Local\Programs\Git\cmd;C:\my-applications\apache-maven-3.6.3\bin;C:\my-applications\jdk-14.0.1\bin;C:\Users\diemi.pham\AppData\Local\Programs\Git\usr\bin\vendor_perl;C:\Users\diemi.pham\AppData\Local\Programs\Git\usr\bin\core_perl;."/>
    <property name="java.vm.info" value="mixed mode, sharing"/>
    <property name="java.vendor" value="Oracle Corporation"/>
    <property name="java.vm.version" value="14.0.1+7"/>
    <property name="sun.io.unicode.encoding" value="UnicodeLittle"/>
    <property name="java.class.version" value="58.0"/>
  </properties>
  <testcase name="shouldAnswerWithTrue" classname="com.hcl.csvparser.AppTest" time="0.002"/>
</testsuite>